Build started 18-3-2015 09:25:09.
     1>Project "C:\Users\Anouk\Desktop\SpeechBasics-D2D\SpeechBasics-D2D.vcxproj" on node 2 (Build target(s)).
     1>ClCompile:
         C:\Program Files (x86)\Microsoft Visual Studio 12.0\VC\bin\x86_amd64\CL.exe /c /Zi /nologo /W3 /WX- /O2 /Oi /GL /D WIN32 /D NDEBUG /D _WINDOWS /D _UNICODE /D UNICODE /Gm- /EHsc /MT /GS /Gy /fp:precise /Zc:wchar_t /Zc:forScope /Fo"x64\Release\\" /Fd"x64\Release\vc120.pdb" /Gd /TP /errorReport:prompt KinectAudioStream.cpp TurtleController.cpp SpeechBasics.cpp
         KinectAudioStream.cpp
         TurtleController.cpp
         SpeechBasics.cpp
     1>C:\Program Files\Microsoft SDKs\Speech\v11.0\Include\sphelper.h(1235): warning C4996: 'GetVersionExW': was declared deprecated
                 C:\Program Files (x86)\Windows Kits\8.1\Include\um\sysinfoapi.h(442) : see declaration of 'GetVersionExW'
       ResourceCompile:
         C:\Program Files (x86)\Windows Kits\8.1\bin\x86\rc.exe /D _UNICODE /D UNICODE /l"0x0409" /nologo /fo"x64\Release\SpeechBasics.res" SpeechBasics.rc 
       Link:
         C:\Program Files (x86)\Microsoft Visual Studio 12.0\VC\bin\x86_amd64\link.exe /ERRORREPORT:PROMPT /OUT:"C:\Users\Anouk\Desktop\SpeechBasics-D2D\x64\Release\SpeechBasics-D2D.exe" /INCREMENTAL:NO /NOLOGO Kinect20.lib amstrmid.lib avrt.lib kernel32.lib user32.lib winspool.lib comdlg32.lib advapi32.lib shell32.lib ole32.lib oleaut32.lib uuid.lib odbc32.lib odbccp32.lib kernel32.lib user32.lib gdi32.lib winspool.lib comdlg32.lib advapi32.lib shell32.lib ole32.lib oleaut32.lib uuid.lib odbc32.lib odbccp32.lib /MANIFEST /MANIFESTUAC:"level='asInvoker' uiAccess='false'" /manifest:embed /DEBUG /PDB:"C:\Users\Anouk\Desktop\SpeechBasics-D2D\x64\Release\SpeechBasics-D2D.pdb" /SUBSYSTEM:WINDOWS /OPT:REF /OPT:ICF /LTCG /TLBID:1 /DYNAMICBASE /NXCOMPAT /IMPLIB:"C:\Users\Anouk\Desktop\SpeechBasics-D2D\x64\Release\SpeechBasics-D2D.lib" /MACHINE:X64 x64\Release\SpeechBasics.res
         x64\Release\KinectAudioStream.obj
         x64\Release\TurtleController.obj
         x64\Release\SpeechBasics.obj
         Generating code
         Finished generating code
         SpeechBasics-D2D.vcxproj -> C:\Users\Anouk\Desktop\SpeechBasics-D2D\x64\Release\SpeechBasics-D2D.exe
     1>Done Building Project "C:\Users\Anouk\Desktop\SpeechBasics-D2D\SpeechBasics-D2D.vcxproj" (Build target(s)).

Build succeeded.

Time Elapsed 00:00:13.01
